<?xml version="1.0" encoding="UTF-8" ?>
<testsuites disabled="0" errors="0" failures="0" tests="16" time="23.079">
 <testsuite name="Menu three main Add batch Test suite" timestamp="2018-11-14T18:30:45" hostname="localhost" time="17.083" errors="0" tests="7" skipped="0" disabled="0" failures="0">
  <testcase classname="Menu three main Add batch Test suite" name="Verify menu page heading" time="1.036" />
  <testcase classname="Menu three main Add batch Test suite" name="Verify menu page title" time="0.018" />
  <testcase classname="Menu three main Add batch Test suite" name="Verify navigation to main options screen " time="0.132" />
  <testcase classname="Menu three main Add batch Test suite" name="Verify navigation to menu three main screen" time="0.151" />
  <testcase classname="Menu three main Add batch Test suite" name="Verify heading on menu three page" time="7.273" />
  <testcase classname="Menu three main Add batch Test suite" name="Verify screen name on menu three page" time="0.244" />
  <testcase classname="Menu three main Add batch Test suite" name="Verify prescence of paragraph on menu three main page" time="0.066" />
 </testsuite>
 <testsuite name="Menu three main Add batch Test suite.=&gt;Field operations Test suite" timestamp="2018-11-14T18:30:56" hostname="localhost" time="5.996" errors="0" tests="9" skipped="0" disabled="0" failures="0">
  <testcase classname="Menu three main Add batch Test suite.=&gt;Field operations Test suite" name="Verify empty submit on main page of menu three" time="0.025" />
  <testcase classname="Menu three main Add batch Test suite.=&gt;Field operations Test suite" name="Verify date validation message in the empty submit case" time="0.47" />
  <testcase classname="Menu three main Add batch Test suite.=&gt;Field operations Test suite" name="Verify batch submission on main page of menu three by entering invalid value in Reading date field" time="0.244" />
  <testcase classname="Menu three main Add batch Test suite.=&gt;Field operations Test suite" name="Verify Date validation message displayed for entering invalid value in Reading date field" time="0.485" />
  <testcase classname="Menu three main Add batch Test suite.=&gt;Field operations Test suite" name="Verify batch submission on main page of menu three by entering valid reading date only" time="0.232" />
  <testcase classname="Menu three main Add batch Test suite.=&gt;Field operations Test suite" name="Verify region code error message" time="0.416" />
  <testcase classname="Menu three main Add batch Test suite.=&gt;Field operations Test suite" name="Verify batch submission on main page of menu three by entering non-existing center code value" time="0.451" />
  <testcase classname="Menu three main Add batch Test suite.=&gt;Field operations Test suite" name="Verify non-existing center code validation message " time="0.404" />
  <testcase classname="Menu three main Add batch Test suite.=&gt;Field operations Test suite" name="Verify batch submission by entering valid values in all fields" time="3.249" />
 </testsuite>
</testsuites>